<?xml version="1.0" encoding="UTF-8"?>
<!-- Generated by org.testng.reporters.JUnitReportReporter -->
<testsuite skipped="0" hostname="Saimas-MacBook-Pro.local" name="com.FacebookFrameworkEclipse.searchtest.ClickFindFriends" tests="1" failures="0" timestamp="04 May 2019 03:55:49 GMT" time="0.261" errors="0">
  <testcase name="VerifyClickFindFriends" time="0.261" classname="com.FacebookFrameworkEclipse.searchtest.ClickFindFriends"/>
</testsuite> <!-- com.FacebookFrameworkEclipse.searchtest.ClickFindFriends -->
