<?xml version="1.0" encoding="UTF-8"?>
<!-- Generated by org.testng.reporters.JUnitReportReporter -->
<testsuite skipped="0" hostname="Saimas-MacBook-Pro.local" name="com.facebook.LogInPage" tests="1" failures="0" timestamp="27 Apr 2019 15:25:03 GMT" time="7.572" errors="0">
  <testcase name="beforetest" time="7.572" classname="com.facebook.LogInPage"/>
</testsuite> <!-- com.facebook.LogInPage -->
