<?xml version="1.0" encoding="UTF-8"?>
<!-- Generated by org.testng.reporters.JUnitReportReporter -->
<testsuite skipped="0" hostname="Saimas-MacBook-Pro.local" name="com.FacebookFrameworkEclipse.searchtest.HomePageSearchTest" tests="1" failures="0" timestamp="27 Apr 2019 15:50:42 GMT" time="10.328" errors="0">
  <testcase name="VerifysearchButton" time="10.328" classname="com.FacebookFrameworkEclipse.searchtest.HomePageSearchTest"/>
</testsuite> <!-- com.FacebookFrameworkEclipse.searchtest.HomePageSearchTest -->
