<?xml version="1.0" encoding="UTF-8"?>
<!-- Generated by org.testng.reporters.JUnitReportReporter -->
<testsuite skipped="0" hostname="Saimas-MacBook-Pro.local" name="com.FacebookFrameworkEclipse.searchtest.ClickMyProfile" tests="1" failures="0" timestamp="04 May 2019 03:49:44 GMT" time="10.667" errors="0">
  <testcase name="verifyProfileClickable" time="10.667" classname="com.FacebookFrameworkEclipse.searchtest.ClickMyProfile"/>
</testsuite> <!-- com.FacebookFrameworkEclipse.searchtest.ClickMyProfile -->
